
May 26, 2019 16:37:24.14 NEW SESSION
May 26, 2019 16:37:24.14 [Child 8402, MediaPlayback #1] WARNING: Decoder=7fab3ee78800 Decode error: NS_ERROR_DOM_MEDIA_FATAL_ERR (0x806e0005) - RefPtr<mozilla::MozPromise<RefPtr<mozilla::MediaTrackDemuxer::SamplesHolder>, mozilla::MediaResult, true> > mozilla::MediaSourceTrackDemuxer::DoGetSamples(int32_t): manager is detached.: file /build/firefox-MhlWie/firefox-67.0+build2/dom/media/MediaDecoderStateMachine.cpp, line 3296
May 26, 2019 16:37:24.14 [Child 8402, MediaPlayback #3] WARNING: Decoder=7fab3ee78800 Decode error: NS_ERROR_DOM_MEDIA_FATAL_ERR (0x806e0005) - RefPtr<mozilla::MozPromise<RefPtr<mozilla::MediaTrackDemuxer::SamplesHolder>, mozilla::MediaResult, true> > mozilla::MediaSourceTrackDemuxer::DoGetSamples(int32_t): manager is detached.: file /build/firefox-MhlWie/firefox-67.0+build2/dom/media/MediaDecoderStateMachine.cpp, line 3296
May 26, 2019 16:37:24.16 [Child 8402, MediaPlayback #2] WARNING: Decoder=7fab3ee78800 Decode error: NS_ERROR_DOM_MEDIA_FATAL_ERR (0x806e0005) - RefPtr<mozilla::MozPromise<RefPtr<mozilla::MediaTrackDemuxer::SamplesHolder>, mozilla::MediaResult, true> > mozilla::MediaSourceTrackDemuxer::DoGetSamples(int32_t): manager is detached.: file /build/firefox-MhlWie/firefox-67.0+build2/dom/media/MediaDecoderStateMachine.cpp, line 3296
May 26, 2019 16:37:24.18 [Child 8402, MediaPlayback #1] WARNING: Decoder=7fab3ee78800 Decode error: NS_ERROR_DOM_MEDIA_FATAL_ERR (0x806e0005) - RefPtr<mozilla::MozPromise<RefPtr<mozilla::MediaTrackDemuxer::SamplesHolder>, mozilla::MediaResult, true> > mozilla::MediaSourceTrackDemuxer::DoGetSamples(int32_t): manager is detached.: file /build/firefox-MhlWie/firefox-67.0+build2/dom/media/MediaDecoderStateMachine.cpp, line 3296
May 26, 2019 16:37:24.19 [Child 8402, MediaPlayback #2] WARNING: Decoder=7fab3ee78800 Decode error: NS_ERROR_DOM_MEDIA_FATAL_ERR (0x806e0005) - RefPtr<mozilla::MozPromise<RefPtr<mozilla::MediaTrackDemuxer::SamplesHolder>, mozilla::MediaResult, true> > mozilla::MediaSourceTrackDemuxer::DoGetSamples(int32_t): manager is detached.: file /build/firefox-MhlWie/firefox-67.0+build2/dom/media/MediaDecoderStateMachine.cpp, line 3296
May 26, 2019 16:37:24.22 [Child 8402, MediaPlayback #1] WARNING: Decoder=7fab3ee78800 Decode error: NS_ERROR_DOM_MEDIA_FATAL_ERR (0x806e0005) - RefPtr<mozilla::MozPromise<RefPtr<mozilla::MediaTrackDemuxer::SamplesHolder>, mozilla::MediaResult, true> > mozilla::MediaSourceTrackDemuxer::DoGetSamples(int32_t): manager is detached.: file /build/firefox-MhlWie/firefox-67.0+build2/dom/media/MediaDecoderStateMachine.cpp, line 3296
May 26, 2019 16:37:24.22 [Child 8402, MediaPlayback #2] WARNING: Decoder=7fab3ee78800 Decode error: NS_ERROR_DOM_MEDIA_FATAL_ERR (0x806e0005) - RefPtr<mozilla::MozPromise<RefPtr<mozilla::MediaTrackDemuxer::SamplesHolder>, mozilla::MediaResult, true> > mozilla::MediaSourceTrackDemuxer::DoGetSamples(int32_t): manager is detached.: file /build/firefox-MhlWie/firefox-67.0+build2/dom/media/MediaDecoderStateMachine.cpp, line 3296
May 26, 2019 16:37:24.25 [Child 8402, MediaPlayback #1] WARNING: Decoder=7fab3ee78800 Decode error: NS_ERROR_DOM_MEDIA_FATAL_ERR (0x806e0005) - RefPtr<mozilla::MozPromise<RefPtr<mozilla::MediaTrackDemuxer::SamplesHolder>, mozilla::MediaResult, true> > mozilla::MediaSourceTrackDemuxer::DoGetSamples(int32_t): manager is detached.: file /build/firefox-MhlWie/firefox-67.0+build2/dom/media/MediaDecoderStateMachine.cpp, line 3296
May 26, 2019 16:37:24.26 [Child 8402, MediaPlayback #1] WARNING: Decoder=7fab3ee78800 Decode error: NS_ERROR_DOM_MEDIA_FATAL_ERR (0x806e0005) - RefPtr<mozilla::MozPromise<RefPtr<mozilla::MediaTrackDemuxer::SamplesHolder>, mozilla::MediaResult, true> > mozilla::MediaSourceTrackDemuxer::DoGetSamples(int32_t): manager is detached.: file /build/firefox-MhlWie/firefox-67.0+build2/dom/media/MediaDecoderStateMachine.cpp, line 3296
May 26, 2019 16:37:24.28 [Child 8402, MediaPlayback #3] WARNING: Decoder=7fab3ee78800 Decode error: NS_ERROR_DOM_MEDIA_FATAL_ERR (0x806e0005) - RefPtr<mozilla::MozPromise<RefPtr<mozilla::MediaTrackDemuxer::SamplesHolder>, mozilla::MediaResult, true> > mozilla::MediaSourceTrackDemuxer::DoGetSamples(int32_t): manager is detached.: file /build/firefox-MhlWie/firefox-67.0+build2/dom/media/MediaDecoderStateMachine.cpp, line 3296
May 26, 2019 16:37:24.30 [Child 8402, MediaPlayback #3] WARNING: Decoder=7fab3ee78800 Decode error: NS_ERROR_DOM_MEDIA_FATAL_ERR (0x806e0005) - RefPtr<mozilla::MozPromise<RefPtr<mozilla::MediaTrackDemuxer::SamplesHolder>, mozilla::MediaResult, true> > mozilla::MediaSourceTrackDemuxer::DoGetSamples(int32_t): manager is detached.: file /build/firefox-MhlWie/firefox-67.0+build2/dom/media/MediaDecoderStateMachine.cpp, line 3296
May 26, 2019 16:37:24.31 [Child 8402, MediaPlayback #3] WARNING: Decoder=7fab3ee78800 Decode error: NS_ERROR_DOM_MEDIA_FATAL_ERR (0x806e0005) - RefPtr<mozilla::MozPromise<RefPtr<mozilla::MediaTrackDemuxer::SamplesHolder>, mozilla::MediaResult, true> > mozilla::MediaSourceTrackDemuxer::DoGetSamples(int32_t): manager is detached.: file /build/firefox-MhlWie/firefox-67.0+build2/dom/media/MediaDecoderStateMachine.cpp, line 3296
May 26, 2019 16:37:24.34 [Child 8402, MediaPlayback #1] WARNING: Decoder=7fab3ee78800 Decode error: NS_ERROR_DOM_MEDIA_FATAL_ERR (0x806e0005) - RefPtr<mozilla::MozPromise<RefPtr<mozilla::MediaTrackDemuxer::SamplesHolder>, mozilla::MediaResult, true> > mozilla::MediaSourceTrackDemuxer::DoGetSamples(int32_t): manager is detached.: file /build/firefox-MhlWie/firefox-67.0+build2/dom/media/MediaDecoderStateMachine.cpp, line 3296
May 26, 2019 16:37:24.34 [Child 8402, MediaPlayback #3] WARNING: Decoder=7fab3ee78800 Decode error: NS_ERROR_DOM_MEDIA_FATAL_ERR (0x806e0005) - RefPtr<mozilla::MozPromise<RefPtr<mozilla::MediaTrackDemuxer::SamplesHolder>, mozilla::MediaResult, true> > mozilla::MediaSourceTrackDemuxer::DoGetSamples(int32_t): manager is detached.: file /build/firefox-MhlWie/firefox-67.0+build2/dom/media/MediaDecoderStateMachine.cpp, line 3296
May 26, 2019 16:37:36.39 [Child 8402, MediaPlayback #1] WARNING: Decoder=7fab3a88a800 Decode error: NS_ERROR_DOM_MEDIA_FATAL_ERR (0x806e0005) - RefPtr<mozilla::MozPromise<RefPtr<mozilla::MediaTrackDemuxer::SamplesHolder>, mozilla::MediaResult, true> > mozilla::MediaSourceTrackDemuxer::DoGetSamples(int32_t): manager is detached.: file /build/firefox-MhlWie/firefox-67.0+build2/dom/media/MediaDecoderStateMachine.cpp, line 3296
May 26, 2019 16:37:36.39 [Child 8402, MediaPlayback #1] WARNING: Decoder=7fab3a88a800 Decode error: NS_ERROR_DOM_MEDIA_FATAL_ERR (0x806e0005) - RefPtr<mozilla::MozPromise<RefPtr<mozilla::MediaTrackDemuxer::SamplesHolder>, mozilla::MediaResult, true> > mozilla::MediaSourceTrackDemuxer::DoGetSamples(int32_t): manager is detached.: file /build/firefox-MhlWie/firefox-67.0+build2/dom/media/MediaDecoderStateMachine.cpp, line 3296
May 26, 2019 16:37:36.41 [Child 8402, MediaPlayback #3] WARNING: Decoder=7fab3a88a800 Decode error: NS_ERROR_DOM_MEDIA_FATAL_ERR (0x806e0005) - RefPtr<mozilla::MozPromise<RefPtr<mozilla::MediaTrackDemuxer::SamplesHolder>, mozilla::MediaResult, true> > mozilla::MediaSourceTrackDemuxer::DoGetSamples(int32_t): manager is detached.: file /build/firefox-MhlWie/firefox-67.0+build2/dom/media/MediaDecoderStateMachine.cpp, line 3296
May 26, 2019 16:37:36.43 [Child 8402, MediaPlayback #1] WARNING: Decoder=7fab3a88a800 Decode error: NS_ERROR_DOM_MEDIA_FATAL_ERR (0x806e0005) - RefPtr<mozilla::MozPromise<RefPtr<mozilla::MediaTrackDemuxer::SamplesHolder>, mozilla::MediaResult, true> > mozilla::MediaSourceTrackDemuxer::DoGetSamples(int32_t): manager is detached.: file /build/firefox-MhlWie/firefox-67.0+build2/dom/media/MediaDecoderStateMachine.cpp, line 3296
May 26, 2019 18:13:26.39 [Child 8402, MediaPlayback #3] WARNING: Decoder=7fab23e94600 Decode error: NS_ERROR_DOM_MEDIA_FATAL_ERR (0x806e0005) - RefPtr<mozilla::MozPromise<RefPtr<mozilla::MediaTrackDemuxer::SamplesHolder>, mozilla::MediaResult, true> > mozilla::MediaSourceTrackDemuxer::DoGetSamples(int32_t): manager is detached.: file /build/firefox-MhlWie/firefox-67.0+build2/dom/media/MediaDecoderStateMachine.cpp, line 3296
May 26, 2019 18:13:26.41 [Child 8402, MediaPlayback #4] WARNING: Decoder=7fab23e94600 Decode error: NS_ERROR_DOM_MEDIA_FATAL_ERR (0x806e0005) - RefPtr<mozilla::MozPromise<RefPtr<mozilla::MediaTrackDemuxer::SamplesHolder>, mozilla::MediaResult, true> > mozilla::MediaSourceTrackDemuxer::DoGetSamples(int32_t): manager is detached.: file /build/firefox-MhlWie/firefox-67.0+build2/dom/media/MediaDecoderStateMachine.cpp, line 3296
May 26, 2019 18:13:26.41 [Child 8402, MediaPlayback #4] WARNING: Decoder=7fab23e94600 Decode error: NS_ERROR_DOM_MEDIA_FATAL_ERR (0x806e0005) - RefPtr<mozilla::MozPromise<RefPtr<mozilla::MediaTrackDemuxer::SamplesHolder>, mozilla::MediaResult, true> > mozilla::MediaSourceTrackDemuxer::DoGetSamples(int32_t): manager is detached.: file /build/firefox-MhlWie/firefox-67.0+build2/dom/media/MediaDecoderStateMachine.cpp, line 3296
May 26, 2019 18:13:26.41 [Child 8402, MediaPlayback #1] WARNING: Decoder=7fab23e94600 Decode error: NS_ERROR_DOM_MEDIA_FATAL_ERR (0x806e0005) - RefPtr<mozilla::MozPromise<RefPtr<mozilla::MediaTrackDemuxer::SamplesHolder>, mozilla::MediaResult, true> > mozilla::MediaSourceTrackDemuxer::DoGetSamples(int32_t): manager is detached.: file /build/firefox-MhlWie/firefox-67.0+build2/dom/media/MediaDecoderStateMachine.cpp, line 3296
May 26, 2019 18:13:26.41 [Child 8402, MediaPlayback #4] WARNING: Decoder=7fab23e94600 Decode error: NS_ERROR_DOM_MEDIA_FATAL_ERR (0x806e0005) - RefPtr<mozilla::MozPromise<RefPtr<mozilla::MediaTrackDemuxer::SamplesHolder>, mozilla::MediaResult, true> > mozilla::MediaSourceTrackDemuxer::DoGetSamples(int32_t): manager is detached.: file /build/firefox-MhlWie/firefox-67.0+build2/dom/media/MediaDecoderStateMachine.cpp, line 3296
May 26, 2019 18:13:26.41 [Child 8402, MediaPlayback #3] WARNING: Decoder=7fab23e94600 Decode error: NS_ERROR_DOM_MEDIA_FATAL_ERR (0x806e0005) - RefPtr<mozilla::MozPromise<RefPtr<mozilla::MediaTrackDemuxer::SamplesHolder>, mozilla::MediaResult, true> > mozilla::MediaSourceTrackDemuxer::DoGetSamples(int32_t): manager is detached.: file /build/firefox-MhlWie/firefox-67.0+build2/dom/media/MediaDecoderStateMachine.cpp, line 3296
May 26, 2019 18:13:26.41 [Child 8402, MediaPlayback #3] WARNING: Decoder=7fab23e94600 Decode error: NS_ERROR_DOM_MEDIA_FATAL_ERR (0x806e0005) - RefPtr<mozilla::MozPromise<RefPtr<mozilla::MediaTrackDemuxer::SamplesHolder>, mozilla::MediaResult, true> > mozilla::MediaSourceTrackDemuxer::DoGetSamples(int32_t): manager is detached.: file /build/firefox-MhlWie/firefox-67.0+build2/dom/media/MediaDecoderStateMachine.cpp, line 3296
May 26, 2019 18:13:39.96 [Child 8402, MediaPlayback #2] WARNING: Decoder=7fab2f5e9400 Decode error: NS_ERROR_DOM_MEDIA_FATAL_ERR (0x806e0005) - RefPtr<mozilla::MozPromise<RefPtr<mozilla::MediaTrackDemuxer::SamplesHolder>, mozilla::MediaResult, true> > mozilla::MediaSourceTrackDemuxer::DoGetSamples(int32_t): manager is detached.: file /build/firefox-MhlWie/firefox-67.0+build2/dom/media/MediaDecoderStateMachine.cpp, line 3296
May 26, 2019 18:13:39.96 [Child 8402, MediaPlayback #4] WARNING: Decoder=7fab2f5e9400 Decode error: NS_ERROR_DOM_MEDIA_FATAL_ERR (0x806e0005) - RefPtr<mozilla::MozPromise<RefPtr<mozilla::MediaTrackDemuxer::SamplesHolder>, mozilla::MediaResult, true> > mozilla::MediaSourceTrackDemuxer::DoGetSamples(int32_t): manager is detached.: file /build/firefox-MhlWie/firefox-67.0+build2/dom/media/MediaDecoderStateMachine.cpp, line 3296
May 26, 2019 18:18:53.42 
May 26, 2019 18:18:53.42 ###!!! [Child][MessageChannel] Error: (msgtype=0x53000E,name=PHttpChannel::Msg_DeletingChannel) Channel closing: too late to send/recv, messages will be lost
May 26, 2019 18:18:53.43 
May 26, 2019 18:18:53.43 [Child 14265, Chrome_ChildThread] WARNING: pipe error: Broken pipe: file /build/firefox-MhlWie/firefox-67.0+build2/ipc/chromium/src/chrome/common/ipc_channel_posix.cc, line 726
May 26, 2019 18:18:53.46 [Parent 6656, Gecko_IOThread] WARNING: pipe error (172): Connection reset by peer: file /build/firefox-MhlWie/firefox-67.0+build2/ipc/chromium/src/chrome/common/ipc_channel_posix.cc, line 357
May 26, 2019 18:19:34.53 [RDD 14435, Chrome_ChildThread] WARNING: pipe error (20): Connection reset by peer: file /build/firefox-MhlWie/firefox-67.0+build2/ipc/chromium/src/chrome/common/ipc_channel_posix.cc, line 357
May 26, 2019 18:19:34.56 [RDD 14435, Chrome_ChildThread] WARNING: pipe error (21): Connection reset by peer: file /build/firefox-MhlWie/firefox-67.0+build2/ipc/chromium/src/chrome/common/ipc_channel_posix.cc, line 357
May 26, 2019 18:19:34.56 [RDD 14435, Chrome_ChildThread] WARNING: pipe error (25): Connection reset by peer: file /build/firefox-MhlWie/firefox-67.0+build2/ipc/chromium/src/chrome/common/ipc_channel_posix.cc, line 357
May 26, 2019 18:21:43.35 [Child 14543, Chrome_ChildThread] WARNING: pipe error (3): Connection reset by peer: file /build/firefox-MhlWie/firefox-67.0+build2/ipc/chromium/src/chrome/common/ipc_channel_posix.cc, line 357

May 30, 2019 17:57:07.75 NEW SESSION
May 30, 2019 17:57:07.83 _IceTransSocketUNIXConnect: Cannot connect to non-local host sandy
May 30, 2019 17:57:07.87 _IceTransSocketUNIXConnect: Cannot connect to non-local host sandy
May 30, 2019 17:57:13.84 _IceTransSocketUNIXConnect: Cannot connect to non-local host sandy
May 30, 2019 17:57:13.84 _IceTransSocketUNIXConnect: Cannot connect to non-local host sandy
May 30, 2019 17:57:22.25 [Parent 12692, Gecko_IOThread] WARNING: pipe error (188): Connection reset by peer: file /build/firefox-MhlWie/firefox-67.0+build2/ipc/chromium/src/chrome/common/ipc_channel_posix.cc, line 357
May 30, 2019 18:00:14.94 _IceTransSocketUNIXConnect: Cannot connect to non-local host sandy
May 30, 2019 18:00:14.94 _IceTransSocketUNIXConnect: Cannot connect to non-local host sandy
May 30, 2019 18:00:15.83 _IceTransSocketUNIXConnect: Cannot connect to non-local host sandy
May 30, 2019 18:00:15.83 _IceTransSocketUNIXConnect: Cannot connect to non-local host sandy
May 30, 2019 18:00:21.74 [Parent 13826, Gecko_IOThread] WARNING: pipe error (121): Connection reset by peer: file /build/firefox-MhlWie/firefox-67.0+build2/ipc/chromium/src/chrome/common/ipc_channel_posix.cc, line 357

May 30, 2019 19:15:37.88 NEW SESSION
May 30, 2019 19:15:37.88 _IceTransSocketUNIXConnect: Cannot connect to non-local host sandy
May 30, 2019 19:15:37.89 _IceTransSocketUNIXConnect: Cannot connect to non-local host sandy
May 30, 2019 19:15:43.00 _IceTransSocketUNIXConnect: Cannot connect to non-local host sandy
May 30, 2019 19:15:43.01 _IceTransSocketUNIXConnect: Cannot connect to non-local host sandy
May 30, 2019 19:16:06.17 
May 30, 2019 19:16:06.17 (/usr/lib/firefox/firefox:20387): dconf-WARNING **: 19:16:06.162: Unable to open /var/lib/flatpak/exports/share/dconf/profile/user: Permission denied

May 31, 2019 01:32:14.15 NEW SESSION
May 31, 2019 01:32:14.15 
May 31, 2019 01:32:14.17 ###!!! [Parent][RunMessage] Error: Channel closing: too late to send/recv, messages will be lost
May 31, 2019 01:32:14.17 
